Build output check failed:
    Regex: 'argument .* is not valid'
    Output line: 'cc1: warning: ‘-Werror=’ argument ‘-Werror=non-virtual-dtor’ is not valid for C'
Compilation failed:
    source file: '/workspaces/beresheet/artificial-intelligence/c++/opencv/CMakeFiles/CMakeTmp/src.c'
    check option: ' -fsigned-char -W -Wall -Werror=return-type  -Werror=non-virtual-dtor'
===== BUILD LOG =====
Change Dir: /workspaces/beresheet/artificial-intelligence/c++/opencv/CMakeFiles/CMakeTmp

Run Build Command(s):/usr/bin/make cmTC_4df48/fast && /usr/bin/make -f CMakeFiles/cmTC_4df48.dir/build.make CMakeFiles/cmTC_4df48.dir/build
make[1]: Entering directory '/workspaces/beresheet/artificial-intelligence/c++/opencv/CMakeFiles/CMakeTmp'
Building C object CMakeFiles/cmTC_4df48.dir/src.c.o
/usr/bin/cc   -O3 -DNDEBUG -fPIE    -fsigned-char -W -Wall -Werror=return-type  -Werror=non-virtual-dtor -o CMakeFiles/cmTC_4df48.dir/src.c.o   -c /workspaces/beresheet/artificial-intelligence/c++/opencv/CMakeFiles/CMakeTmp/src.c
cc1: warning: ‘-Werror=’ argument ‘-Werror=non-virtual-dtor’ is not valid for C
/workspaces/beresheet/artificial-intelligence/c++/opencv/CMakeFiles/CMakeTmp/src.c:1: warning: ignoring #pragma   [-Wunknown-pragmas]
    1 | #pragma
      | 
Linking C executable cmTC_4df48
/usr/bin/cmake -E cmake_link_script CMakeFiles/cmTC_4df48.dir/link.txt --verbose=1
/usr/bin/cc   -O3 -DNDEBUG    CMakeFiles/cmTC_4df48.dir/src.c.o  -o cmTC_4df48 
make[1]: Leaving directory '/workspaces/beresheet/artificial-intelligence/c++/opencv/CMakeFiles/CMakeTmp'


===== END =====

Build output check failed:
    Regex: 'command[- ]line option .* is valid for .* but not for C\+\+'
    Output line: 'cc1plus: warning: command line option ‘-Wmissing-prototypes’ is valid for C/ObjC but not for C++'
Compilation failed:
    source file: '/workspaces/beresheet/artificial-intelligence/c++/opencv/CMakeFiles/CMakeTmp/src.cxx'
    check option: ' -fsigned-char -W -Wall -Werror=return-type -Werror=non-virtual-dtor -Werror=address -Werror=sequence-point -Wformat -Werror=format-security -Wmissing-declarations  -Wmissing-prototypes'
===== BUILD LOG =====
Change Dir: /workspaces/beresheet/artificial-intelligence/c++/opencv/CMakeFiles/CMakeTmp

Run Build Command(s):/usr/bin/make cmTC_d6b06/fast && /usr/bin/make -f CMakeFiles/cmTC_d6b06.dir/build.make CMakeFiles/cmTC_d6b06.dir/build
make[1]: Entering directory '/workspaces/beresheet/artificial-intelligence/c++/opencv/CMakeFiles/CMakeTmp'
Building CXX object CMakeFiles/cmTC_d6b06.dir/src.cxx.o
/usr/bin/c++    -O3 -DNDEBUG -fPIE    -fsigned-char -W -Wall -Werror=return-type -Werror=non-virtual-dtor -Werror=address -Werror=sequence-point -Wformat -Werror=format-security -Wmissing-declarations  -Wmissing-prototypes -std=c++11 -o CMakeFiles/cmTC_d6b06.dir/src.cxx.o -c /workspaces/beresheet/artificial-intelligence/c++/opencv/CMakeFiles/CMakeTmp/src.cxx
cc1plus: warning: command line option ‘-Wmissing-prototypes’ is valid for C/ObjC but not for C++
/workspaces/beresheet/artificial-intelligence/c++/opencv/CMakeFiles/CMakeTmp/src.cxx:1: warning: ignoring #pragma   [-Wunknown-pragmas]
    1 | #pragma
      | 
Linking CXX executable cmTC_d6b06
/usr/bin/cmake -E cmake_link_script CMakeFiles/cmTC_d6b06.dir/link.txt --verbose=1
/usr/bin/c++    -O3 -DNDEBUG    CMakeFiles/cmTC_d6b06.dir/src.cxx.o  -o cmTC_d6b06 
make[1]: Leaving directory '/workspaces/beresheet/artificial-intelligence/c++/opencv/CMakeFiles/CMakeTmp'


===== END =====

Build output check failed:
    Regex: 'command[- ]line option .* is valid for .* but not for C\+\+'
    Output line: 'cc1plus: warning: command line option ‘-Wstrict-prototypes’ is valid for C/ObjC but not for C++'
Compilation failed:
    source file: '/workspaces/beresheet/artificial-intelligence/c++/opencv/CMakeFiles/CMakeTmp/src.cxx'
    check option: ' -fsigned-char -W -Wall -Werror=return-type -Werror=non-virtual-dtor -Werror=address -Werror=sequence-point -Wformat -Werror=format-security -Wmissing-declarations  -Wstrict-prototypes'
===== BUILD LOG =====
Change Dir: /workspaces/beresheet/artificial-intelligence/c++/opencv/CMakeFiles/CMakeTmp

Run Build Command(s):/usr/bin/make cmTC_cca64/fast && /usr/bin/make -f CMakeFiles/cmTC_cca64.dir/build.make CMakeFiles/cmTC_cca64.dir/build
make[1]: Entering directory '/workspaces/beresheet/artificial-intelligence/c++/opencv/CMakeFiles/CMakeTmp'
Building CXX object CMakeFiles/cmTC_cca64.dir/src.cxx.o
/usr/bin/c++    -O3 -DNDEBUG -fPIE    -fsigned-char -W -Wall -Werror=return-type -Werror=non-virtual-dtor -Werror=address -Werror=sequence-point -Wformat -Werror=format-security -Wmissing-declarations  -Wstrict-prototypes -std=c++11 -o CMakeFiles/cmTC_cca64.dir/src.cxx.o -c /workspaces/beresheet/artificial-intelligence/c++/opencv/CMakeFiles/CMakeTmp/src.cxx
cc1plus: warning: command line option ‘-Wstrict-prototypes’ is valid for C/ObjC but not for C++
/workspaces/beresheet/artificial-intelligence/c++/opencv/CMakeFiles/CMakeTmp/src.cxx:1: warning: ignoring #pragma   [-Wunknown-pragmas]
    1 | #pragma
      | 
Linking CXX executable cmTC_cca64
/usr/bin/cmake -E cmake_link_script CMakeFiles/cmTC_cca64.dir/link.txt --verbose=1
/usr/bin/c++    -O3 -DNDEBUG    CMakeFiles/cmTC_cca64.dir/src.cxx.o  -o cmTC_cca64 
make[1]: Leaving directory '/workspaces/beresheet/artificial-intelligence/c++/opencv/CMakeFiles/CMakeTmp'


===== END =====

Build output check failed:
    Regex: 'command[- ]line option .* is valid for .* but not for C'
    Output line: 'cc1: warning: command line option ‘-Wsign-promo’ is valid for C++/ObjC++ but not for C'
Compilation failed:
    source file: '/workspaces/beresheet/artificial-intelligence/c++/opencv/CMakeFiles/CMakeTmp/src.c'
    check option: ' -fsigned-char -W -Wall -Werror=return-type -Werror=address -Werror=sequence-point -Wformat -Werror=format-security -Wmissing-declarations -Wmissing-prototypes -Wstrict-prototypes -Wundef -Winit-self -Wpointer-arith -Wshadow  -Wsign-promo'
===== BUILD LOG =====
Change Dir: /workspaces/beresheet/artificial-intelligence/c++/opencv/CMakeFiles/CMakeTmp

Run Build Command(s):/usr/bin/make cmTC_a49d6/fast && /usr/bin/make -f CMakeFiles/cmTC_a49d6.dir/build.make CMakeFiles/cmTC_a49d6.dir/build
make[1]: Entering directory '/workspaces/beresheet/artificial-intelligence/c++/opencv/CMakeFiles/CMakeTmp'
Building C object CMakeFiles/cmTC_a49d6.dir/src.c.o
/usr/bin/cc   -O3 -DNDEBUG -fPIE    -fsigned-char -W -Wall -Werror=return-type -Werror=address -Werror=sequence-point -Wformat -Werror=format-security -Wmissing-declarations -Wmissing-prototypes -Wstrict-prototypes -Wundef -Winit-self -Wpointer-arith -Wshadow  -Wsign-promo -o CMakeFiles/cmTC_a49d6.dir/src.c.o   -c /workspaces/beresheet/artificial-intelligence/c++/opencv/CMakeFiles/CMakeTmp/src.c
cc1: warning: command line option ‘-Wsign-promo’ is valid for C++/ObjC++ but not for C
/workspaces/beresheet/artificial-intelligence/c++/opencv/CMakeFiles/CMakeTmp/src.c:1: warning: ignoring #pragma   [-Wunknown-pragmas]
    1 | #pragma
      | 
Linking C executable cmTC_a49d6
/usr/bin/cmake -E cmake_link_script CMakeFiles/cmTC_a49d6.dir/link.txt --verbose=1
/usr/bin/cc   -O3 -DNDEBUG    CMakeFiles/cmTC_a49d6.dir/src.c.o  -o cmTC_a49d6 
make[1]: Leaving directory '/workspaces/beresheet/artificial-intelligence/c++/opencv/CMakeFiles/CMakeTmp'


===== END =====

Build output check failed:
    Regex: 'command[- ]line option .* is valid for .* but not for C'
    Output line: 'cc1: warning: command line option ‘-Wsuggest-override’ is valid for C++/ObjC++ but not for C'
Compilation failed:
    source file: '/workspaces/beresheet/artificial-intelligence/c++/opencv/CMakeFiles/CMakeTmp/src.c'
    check option: ' -fsigned-char -W -Wall -Werror=return-type -Werror=address -Werror=sequence-point -Wformat -Werror=format-security -Wmissing-declarations -Wmissing-prototypes -Wstrict-prototypes -Wundef -Winit-self -Wpointer-arith -Wshadow -Wuninitialized  -Wsuggest-override'
===== BUILD LOG =====
Change Dir: /workspaces/beresheet/artificial-intelligence/c++/opencv/CMakeFiles/CMakeTmp

Run Build Command(s):/usr/bin/make cmTC_9fb52/fast && /usr/bin/make -f CMakeFiles/cmTC_9fb52.dir/build.make CMakeFiles/cmTC_9fb52.dir/build
make[1]: Entering directory '/workspaces/beresheet/artificial-intelligence/c++/opencv/CMakeFiles/CMakeTmp'
Building C object CMakeFiles/cmTC_9fb52.dir/src.c.o
/usr/bin/cc   -O3 -DNDEBUG -fPIE    -fsigned-char -W -Wall -Werror=return-type -Werror=address -Werror=sequence-point -Wformat -Werror=format-security -Wmissing-declarations -Wmissing-prototypes -Wstrict-prototypes -Wundef -Winit-self -Wpointer-arith -Wshadow -Wuninitialized  -Wsuggest-override -o CMakeFiles/cmTC_9fb52.dir/src.c.o   -c /workspaces/beresheet/artificial-intelligence/c++/opencv/CMakeFiles/CMakeTmp/src.c
cc1: warning: command line option ‘-Wsuggest-override’ is valid for C++/ObjC++ but not for C
/workspaces/beresheet/artificial-intelligence/c++/opencv/CMakeFiles/CMakeTmp/src.c:1: warning: ignoring #pragma   [-Wunknown-pragmas]
    1 | #pragma
      | 
Linking C executable cmTC_9fb52
/usr/bin/cmake -E cmake_link_script CMakeFiles/cmTC_9fb52.dir/link.txt --verbose=1
/usr/bin/cc   -O3 -DNDEBUG    CMakeFiles/cmTC_9fb52.dir/src.c.o  -o cmTC_9fb52 
make[1]: Leaving directory '/workspaces/beresheet/artificial-intelligence/c++/opencv/CMakeFiles/CMakeTmp'


===== END =====

Build output check failed:
    Regex: 'command[- ]line option .* is valid for .* but not for C'
    Output line: 'cc1: warning: command line option ‘-Wno-delete-non-virtual-dtor’ is valid for C++/ObjC++ but not for C'
Compilation failed:
    source file: '/workspaces/beresheet/artificial-intelligence/c++/opencv/CMakeFiles/CMakeTmp/src.c'
    check option: ' -fsigned-char -W -Wall -Werror=return-type -Werror=address -Werror=sequence-point -Wformat -Werror=format-security -Wmissing-declarations -Wmissing-prototypes -Wstrict-prototypes -Wundef -Winit-self -Wpointer-arith -Wshadow -Wuninitialized  -Wno-delete-non-virtual-dtor'
===== BUILD LOG =====
Change Dir: /workspaces/beresheet/artificial-intelligence/c++/opencv/CMakeFiles/CMakeTmp

Run Build Command(s):/usr/bin/make cmTC_bb377/fast && /usr/bin/make -f CMakeFiles/cmTC_bb377.dir/build.make CMakeFiles/cmTC_bb377.dir/build
make[1]: Entering directory '/workspaces/beresheet/artificial-intelligence/c++/opencv/CMakeFiles/CMakeTmp'
Building C object CMakeFiles/cmTC_bb377.dir/src.c.o
/usr/bin/cc   -O3 -DNDEBUG -fPIE    -fsigned-char -W -Wall -Werror=return-type -Werror=address -Werror=sequence-point -Wformat -Werror=format-security -Wmissing-declarations -Wmissing-prototypes -Wstrict-prototypes -Wundef -Winit-self -Wpointer-arith -Wshadow -Wuninitialized  -Wno-delete-non-virtual-dtor -o CMakeFiles/cmTC_bb377.dir/src.c.o   -c /workspaces/beresheet/artificial-intelligence/c++/opencv/CMakeFiles/CMakeTmp/src.c
cc1: warning: command line option ‘-Wno-delete-non-virtual-dtor’ is valid for C++/ObjC++ but not for C
/workspaces/beresheet/artificial-intelligence/c++/opencv/CMakeFiles/CMakeTmp/src.c:1: warning: ignoring #pragma   [-Wunknown-pragmas]
    1 | #pragma
      | 
Linking C executable cmTC_bb377
/usr/bin/cmake -E cmake_link_script CMakeFiles/cmTC_bb377.dir/link.txt --verbose=1
/usr/bin/cc   -O3 -DNDEBUG    CMakeFiles/cmTC_bb377.dir/src.c.o  -o cmTC_bb377 
make[1]: Leaving directory '/workspaces/beresheet/artificial-intelligence/c++/opencv/CMakeFiles/CMakeTmp'


===== END =====

Build output check failed:
    Regex: 'unrecognized .*option'
    Output line: 'cc1plus: warning: unrecognized command line option ‘-Wno-unnamed-type-template-args’'
Compilation failed:
    source file: '/workspaces/beresheet/artificial-intelligence/c++/opencv/CMakeFiles/CMakeTmp/src.cxx'
    check option: ' -fsigned-char -W -Wall -Werror=return-type -Werror=non-virtual-dtor -Werror=address -Werror=sequence-point -Wformat -Werror=format-security -Wmissing-declarations -Wundef -Winit-self -Wpointer-arith -Wshadow -Wsign-promo -Wuninitialized -Wsuggest-override -Wno-delete-non-virtual-dtor  -Wno-unnamed-type-template-args'
===== BUILD LOG =====
Change Dir: /workspaces/beresheet/artificial-intelligence/c++/opencv/CMakeFiles/CMakeTmp

Run Build Command(s):/usr/bin/make cmTC_fc52b/fast && /usr/bin/make -f CMakeFiles/cmTC_fc52b.dir/build.make CMakeFiles/cmTC_fc52b.dir/build
make[1]: Entering directory '/workspaces/beresheet/artificial-intelligence/c++/opencv/CMakeFiles/CMakeTmp'
Building CXX object CMakeFiles/cmTC_fc52b.dir/src.cxx.o
/usr/bin/c++    -O3 -DNDEBUG -fPIE    -fsigned-char -W -Wall -Werror=return-type -Werror=non-virtual-dtor -Werror=address -Werror=sequence-point -Wformat -Werror=format-security -Wmissing-declarations -Wundef -Winit-self -Wpointer-arith -Wshadow -Wsign-promo -Wuninitialized -Wsuggest-override -Wno-delete-non-virtual-dtor  -Wno-unnamed-type-template-args -std=c++11 -o CMakeFiles/cmTC_fc52b.dir/src.cxx.o -c /workspaces/beresheet/artificial-intelligence/c++/opencv/CMakeFiles/CMakeTmp/src.cxx
/workspaces/beresheet/artificial-intelligence/c++/opencv/CMakeFiles/CMakeTmp/src.cxx:1: warning: ignoring #pragma   [-Wunknown-pragmas]
    1 | #pragma
      | 
cc1plus: warning: unrecognized command line option ‘-Wno-unnamed-type-template-args’
Linking CXX executable cmTC_fc52b
/usr/bin/cmake -E cmake_link_script CMakeFiles/cmTC_fc52b.dir/link.txt --verbose=1
/usr/bin/c++    -O3 -DNDEBUG    CMakeFiles/cmTC_fc52b.dir/src.cxx.o  -o cmTC_fc52b 
make[1]: Leaving directory '/workspaces/beresheet/artificial-intelligence/c++/opencv/CMakeFiles/CMakeTmp'


===== END =====

Build output check failed:
    Regex: 'unrecognized .*option'
    Output line: 'cc1: warning: unrecognized command line option ‘-Wno-unnamed-type-template-args’'
Compilation failed:
    source file: '/workspaces/beresheet/artificial-intelligence/c++/opencv/CMakeFiles/CMakeTmp/src.c'
    check option: ' -fsigned-char -W -Wall -Werror=return-type -Werror=address -Werror=sequence-point -Wformat -Werror=format-security -Wmissing-declarations -Wmissing-prototypes -Wstrict-prototypes -Wundef -Winit-self -Wpointer-arith -Wshadow -Wuninitialized  -Wno-unnamed-type-template-args'
===== BUILD LOG =====
Change Dir: /workspaces/beresheet/artificial-intelligence/c++/opencv/CMakeFiles/CMakeTmp

Run Build Command(s):/usr/bin/make cmTC_9d28b/fast && /usr/bin/make -f CMakeFiles/cmTC_9d28b.dir/build.make CMakeFiles/cmTC_9d28b.dir/build
make[1]: Entering directory '/workspaces/beresheet/artificial-intelligence/c++/opencv/CMakeFiles/CMakeTmp'
Building C object CMakeFiles/cmTC_9d28b.dir/src.c.o
/usr/bin/cc   -O3 -DNDEBUG -fPIE    -fsigned-char -W -Wall -Werror=return-type -Werror=address -Werror=sequence-point -Wformat -Werror=format-security -Wmissing-declarations -Wmissing-prototypes -Wstrict-prototypes -Wundef -Winit-self -Wpointer-arith -Wshadow -Wuninitialized  -Wno-unnamed-type-template-args -o CMakeFiles/cmTC_9d28b.dir/src.c.o   -c /workspaces/beresheet/artificial-intelligence/c++/opencv/CMakeFiles/CMakeTmp/src.c
/workspaces/beresheet/artificial-intelligence/c++/opencv/CMakeFiles/CMakeTmp/src.c:1: warning: ignoring #pragma   [-Wunknown-pragmas]
    1 | #pragma
      | 
cc1: warning: unrecognized command line option ‘-Wno-unnamed-type-template-args’
Linking C executable cmTC_9d28b
/usr/bin/cmake -E cmake_link_script CMakeFiles/cmTC_9d28b.dir/link.txt --verbose=1
/usr/bin/cc   -O3 -DNDEBUG    CMakeFiles/cmTC_9d28b.dir/src.c.o  -o cmTC_9d28b 
make[1]: Leaving directory '/workspaces/beresheet/artificial-intelligence/c++/opencv/CMakeFiles/CMakeTmp'


===== END =====

Build output check failed:
    Regex: 'command[- ]line option .* is valid for .* but not for C'
    Output line: 'cc1: warning: command line option ‘-fvisibility-inlines-hidden’ is valid for C++/ObjC++ but not for C'
Compilation failed:
    source file: '/workspaces/beresheet/artificial-intelligence/c++/opencv/CMakeFiles/CMakeTmp/src.c'
    check option: ' -fsigned-char -W -Wall -Werror=return-type -Werror=address -Werror=sequence-point -Wformat -Werror=format-security -Wmissing-declarations -Wmissing-prototypes -Wstrict-prototypes -Wundef -Winit-self -Wpointer-arith -Wshadow -Wuninitialized -Wno-comment -Wimplicit-fallthrough=3 -Wno-strict-overflow -fdiagnostics-show-option -Wno-long-long -pthread -fomit-frame-pointer -ffunction-sections -fdata-sections  -msse -msse2 -msse3 -fvisibility=hidden  -fvisibility-inlines-hidden'
===== BUILD LOG =====
Change Dir: /workspaces/beresheet/artificial-intelligence/c++/opencv/CMakeFiles/CMakeTmp

Run Build Command(s):/usr/bin/make cmTC_a0583/fast && /usr/bin/make -f CMakeFiles/cmTC_a0583.dir/build.make CMakeFiles/cmTC_a0583.dir/build
make[1]: Entering directory '/workspaces/beresheet/artificial-intelligence/c++/opencv/CMakeFiles/CMakeTmp'
Building C object CMakeFiles/cmTC_a0583.dir/src.c.o
/usr/bin/cc   -O3 -DNDEBUG -fPIE    -fsigned-char -W -Wall -Werror=return-type -Werror=address -Werror=sequence-point -Wformat -Werror=format-security -Wmissing-declarations -Wmissing-prototypes -Wstrict-prototypes -Wundef -Winit-self -Wpointer-arith -Wshadow -Wuninitialized -Wno-comment -Wimplicit-fallthrough=3 -Wno-strict-overflow -fdiagnostics-show-option -Wno-long-long -pthread -fomit-frame-pointer -ffunction-sections -fdata-sections  -msse -msse2 -msse3 -fvisibility=hidden  -fvisibility-inlines-hidden -o CMakeFiles/cmTC_a0583.dir/src.c.o   -c /workspaces/beresheet/artificial-intelligence/c++/opencv/CMakeFiles/CMakeTmp/src.c
cc1: warning: command line option ‘-fvisibility-inlines-hidden’ is valid for C++/ObjC++ but not for C
/workspaces/beresheet/artificial-intelligence/c++/opencv/CMakeFiles/CMakeTmp/src.c:1: warning: ignoring #pragma   [-Wunknown-pragmas]
    1 | #pragma
      | 
Linking C executable cmTC_a0583
/usr/bin/cmake -E cmake_link_script CMakeFiles/cmTC_a0583.dir/link.txt --verbose=1
/usr/bin/cc   -O3 -DNDEBUG    CMakeFiles/cmTC_a0583.dir/src.c.o  -o cmTC_a0583 
make[1]: Leaving directory '/workspaces/beresheet/artificial-intelligence/c++/opencv/CMakeFiles/CMakeTmp'


===== END =====

Build output check failed:
    Regex: 'unrecognized .*option'
    Output line: 'cc1: warning: unrecognized command line option ‘-Wno-shorten-64-to-32’'
Compilation failed:
    source file: '/workspaces/beresheet/artificial-intelligence/c++/opencv/CMakeFiles/CMakeTmp/src.c'
    check option: ' -Wno-shorten-64-to-32'
===== BUILD LOG =====
Change Dir: /workspaces/beresheet/artificial-intelligence/c++/opencv/CMakeFiles/CMakeTmp

Run Build Command(s):/usr/bin/make cmTC_edd80/fast && /usr/bin/make -f CMakeFiles/cmTC_edd80.dir/build.make CMakeFiles/cmTC_edd80.dir/build
make[1]: Entering directory '/workspaces/beresheet/artificial-intelligence/c++/opencv/CMakeFiles/CMakeTmp'
Building C object CMakeFiles/cmTC_edd80.dir/src.c.o
/usr/bin/cc   -fsigned-char -W -Wall -Werror=return-type -Werror=address -Werror=sequence-point -Wformat -Werror=format-security -Wmissing-declarations -Wmissing-prototypes -Wstrict-prototypes -Wundef -Winit-self -Wpointer-arith -Wshadow -Wuninitialized -Wno-comment -Wimplicit-fallthrough=3 -Wno-strict-overflow -fdiagnostics-show-option -Wno-long-long -pthread -fomit-frame-pointer -ffunction-sections -fdata-sections  -msse -msse2 -msse3 -fvisibility=hidden -Wno-unused-parameter -Wno-sign-compare  -O3 -DNDEBUG  -DNDEBUG -fPIE    -Wno-shorten-64-to-32 -o CMakeFiles/cmTC_edd80.dir/src.c.o   -c /workspaces/beresheet/artificial-intelligence/c++/opencv/CMakeFiles/CMakeTmp/src.c
/workspaces/beresheet/artificial-intelligence/c++/opencv/CMakeFiles/CMakeTmp/src.c:1: warning: ignoring #pragma   [-Wunknown-pragmas]
    1 | #pragma
      | 
cc1: warning: unrecognized command line option ‘-Wno-shorten-64-to-32’
Linking C executable cmTC_edd80
/usr/bin/cmake -E cmake_link_script CMakeFiles/cmTC_edd80.dir/link.txt --verbose=1
/usr/bin/cc    -fsigned-char -W -Wall -Werror=return-type -Werror=address -Werror=sequence-point -Wformat -Werror=format-security -Wmissing-declarations -Wmissing-prototypes -Wstrict-prototypes -Wundef -Winit-self -Wpointer-arith -Wshadow -Wuninitialized -Wno-comment -Wimplicit-fallthrough=3 -Wno-strict-overflow -fdiagnostics-show-option -Wno-long-long -pthread -fomit-frame-pointer -ffunction-sections -fdata-sections  -msse -msse2 -msse3 -fvisibility=hidden -Wno-unused-parameter -Wno-sign-compare  -O3 -DNDEBUG  -DNDEBUG    -Wl,--gc-sections -Wl,--as-needed  CMakeFiles/cmTC_edd80.dir/src.c.o  -o cmTC_edd80 
make[1]: Leaving directory '/workspaces/beresheet/artificial-intelligence/c++/opencv/CMakeFiles/CMakeTmp'


===== END =====

Determining if the include file io.h exists failed with the following output:
Change Dir: /workspaces/beresheet/artificial-intelligence/c++/opencv/CMakeFiles/CMakeTmp

Run Build Command(s):/usr/bin/make cmTC_dbd94/fast && /usr/bin/make -f CMakeFiles/cmTC_dbd94.dir/build.make CMakeFiles/cmTC_dbd94.dir/build
make[1]: Entering directory '/workspaces/beresheet/artificial-intelligence/c++/opencv/CMakeFiles/CMakeTmp'
Building C object CMakeFiles/cmTC_dbd94.dir/CheckIncludeFile.c.o
/usr/bin/cc   -fsigned-char -W -Wall -Werror=return-type -Werror=address -Werror=sequence-point -Wformat -Werror=format-security -Wmissing-declarations -Wmissing-prototypes -Wstrict-prototypes -Wundef -Winit-self -Wpointer-arith -Wshadow -Wuninitialized -Wno-comment -Wimplicit-fallthrough=3 -Wno-strict-overflow -fdiagnostics-show-option -Wno-long-long -pthread -fomit-frame-pointer -ffunction-sections -fdata-sections  -msse -msse2 -msse3 -fvisibility=hidden  -O3 -DNDEBUG  -DNDEBUG -fPIE   -o CMakeFiles/cmTC_dbd94.dir/CheckIncludeFile.c.o   -c /workspaces/beresheet/artificial-intelligence/c++/opencv/CMakeFiles/CMakeTmp/CheckIncludeFile.c
/workspaces/beresheet/artificial-intelligence/c++/opencv/CMakeFiles/CMakeTmp/CheckIncludeFile.c:1:10: fatal error: io.h: No such file or directory
    1 | #include <io.h>
      |          ^~~~~~
compilation terminated.
make[1]: *** [CMakeFiles/cmTC_dbd94.dir/build.make:66: CMakeFiles/cmTC_dbd94.dir/CheckIncludeFile.c.o] Error 1
make[1]: Leaving directory '/workspaces/beresheet/artificial-intelligence/c++/opencv/CMakeFiles/CMakeTmp'
make: *** [Makefile:121: cmTC_dbd94/fast] Error 2



Determining size of INT8 failed with the following output:
Change Dir: /workspaces/beresheet/artificial-intelligence/c++/opencv/CMakeFiles/CMakeTmp

Run Build Command(s):/usr/bin/make cmTC_f622a/fast && /usr/bin/make -f CMakeFiles/cmTC_f622a.dir/build.make CMakeFiles/cmTC_f622a.dir/build
make[1]: Entering directory '/workspaces/beresheet/artificial-intelligence/c++/opencv/CMakeFiles/CMakeTmp'
Building C object CMakeFiles/cmTC_f622a.dir/int8.c.o
/usr/bin/cc   -fsigned-char -W -Wall -Werror=return-type -Werror=address -Werror=sequence-point -Wformat -Werror=format-security -Wmissing-declarations -Wmissing-prototypes -Wstrict-prototypes -Wundef -Winit-self -Wpointer-arith -Wshadow -Wuninitialized -Wno-comment -Wimplicit-fallthrough=3 -Wno-strict-overflow -fdiagnostics-show-option -Wno-long-long -pthread -fomit-frame-pointer -ffunction-sections -fdata-sections  -msse -msse2 -msse3 -fvisibility=hidden  -O3 -DNDEBUG  -DNDEBUG -fPIE   -o CMakeFiles/cmTC_f622a.dir/int8.c.o   -c /workspaces/beresheet/artificial-intelligence/c++/opencv/CMakeFiles/CheckTypeSize/int8.c
/workspaces/beresheet/artificial-intelligence/c++/opencv/CMakeFiles/CheckTypeSize/int8.c:23:22: error: ‘INT8’ undeclared here (not in a function); did you mean ‘INT8_C’?
   23 | #define SIZE (sizeof(INT8))
      |                      ^~~~
/workspaces/beresheet/artificial-intelligence/c++/opencv/CMakeFiles/CheckTypeSize/int8.c:25:12: note: in expansion of macro ‘SIZE’
   25 |   ('0' + ((SIZE / 10000)%10)),
      |            ^~~~
make[1]: *** [CMakeFiles/cmTC_f622a.dir/build.make:66: CMakeFiles/cmTC_f622a.dir/int8.c.o] Error 1
make[1]: Leaving directory '/workspaces/beresheet/artificial-intelligence/c++/opencv/CMakeFiles/CMakeTmp'
make: *** [Makefile:121: cmTC_f622a/fast] Error 2


/workspaces/beresheet/artificial-intelligence/c++/opencv/CMakeFiles/CheckTypeSize/int8.c:
#include <sys/types.h>
#include <stdint.h>
#include <stddef.h>


#undef KEY
#if defined(__i386)
# define KEY '_','_','i','3','8','6'
#elif defined(__x86_64)
# define KEY '_','_','x','8','6','_','6','4'
#elif defined(__ppc__)
# define KEY '_','_','p','p','c','_','_'
#elif defined(__ppc64__)
# define KEY '_','_','p','p','c','6','4','_','_'
#elif defined(__aarch64__)
# define KEY '_','_','a','a','r','c','h','6','4','_','_'
#elif defined(__ARM_ARCH_7A__)
# define KEY '_','_','A','R','M','_','A','R','C','H','_','7','A','_','_'
#elif defined(__ARM_ARCH_7S__)
# define KEY '_','_','A','R','M','_','A','R','C','H','_','7','S','_','_'
#endif

#define SIZE (sizeof(INT8))
static char info_size[] =  {'I', 'N', 'F', 'O', ':', 's','i','z','e','[',
  ('0' + ((SIZE / 10000)%10)),
  ('0' + ((SIZE / 1000)%10)),
  ('0' + ((SIZE / 100)%10)),
  ('0' + ((SIZE / 10)%10)),
  ('0' +  (SIZE    % 10)),
  ']',
#ifdef KEY
  ' ','k','e','y','[', KEY, ']',
#endif
  '\0'};

#ifdef __CLASSIC_C__
int main(argc, argv) int argc; char *argv[];
#else
int main(int argc, char *argv[])
#endif
{
  int require = 0;
  require += info_size[argc];
  (void)argv;
  return require;
}


Determining size of INT16 failed with the following output:
Change Dir: /workspaces/beresheet/artificial-intelligence/c++/opencv/CMakeFiles/CMakeTmp

Run Build Command(s):/usr/bin/make cmTC_d9379/fast && /usr/bin/make -f CMakeFiles/cmTC_d9379.dir/build.make CMakeFiles/cmTC_d9379.dir/build
make[1]: Entering directory '/workspaces/beresheet/artificial-intelligence/c++/opencv/CMakeFiles/CMakeTmp'
Building C object CMakeFiles/cmTC_d9379.dir/int16.c.o
/usr/bin/cc   -fsigned-char -W -Wall -Werror=return-type -Werror=address -Werror=sequence-point -Wformat -Werror=format-security -Wmissing-declarations -Wmissing-prototypes -Wstrict-prototypes -Wundef -Winit-self -Wpointer-arith -Wshadow -Wuninitialized -Wno-comment -Wimplicit-fallthrough=3 -Wno-strict-overflow -fdiagnostics-show-option -Wno-long-long -pthread -fomit-frame-pointer -ffunction-sections -fdata-sections  -msse -msse2 -msse3 -fvisibility=hidden  -O3 -DNDEBUG  -DNDEBUG -fPIE   -o CMakeFiles/cmTC_d9379.dir/int16.c.o   -c /workspaces/beresheet/artificial-intelligence/c++/opencv/CMakeFiles/CheckTypeSize/int16.c
/workspaces/beresheet/artificial-intelligence/c++/opencv/CMakeFiles/CheckTypeSize/int16.c:23:22: error: ‘INT16’ undeclared here (not in a function); did you mean ‘INT16_C’?
   23 | #define SIZE (sizeof(INT16))
      |                      ^~~~~
/workspaces/beresheet/artificial-intelligence/c++/opencv/CMakeFiles/CheckTypeSize/int16.c:25:12: note: in expansion of macro ‘SIZE’
   25 |   ('0' + ((SIZE / 10000)%10)),
      |            ^~~~
make[1]: *** [CMakeFiles/cmTC_d9379.dir/build.make:66: CMakeFiles/cmTC_d9379.dir/int16.c.o] Error 1
make[1]: Leaving directory '/workspaces/beresheet/artificial-intelligence/c++/opencv/CMakeFiles/CMakeTmp'
make: *** [Makefile:121: cmTC_d9379/fast] Error 2


/workspaces/beresheet/artificial-intelligence/c++/opencv/CMakeFiles/CheckTypeSize/int16.c:
#include <sys/types.h>
#include <stdint.h>
#include <stddef.h>


#undef KEY
#if defined(__i386)
# define KEY '_','_','i','3','8','6'
#elif defined(__x86_64)
# define KEY '_','_','x','8','6','_','6','4'
#elif defined(__ppc__)
# define KEY '_','_','p','p','c','_','_'
#elif defined(__ppc64__)
# define KEY '_','_','p','p','c','6','4','_','_'
#elif defined(__aarch64__)
# define KEY '_','_','a','a','r','c','h','6','4','_','_'
#elif defined(__ARM_ARCH_7A__)
# define KEY '_','_','A','R','M','_','A','R','C','H','_','7','A','_','_'
#elif defined(__ARM_ARCH_7S__)
# define KEY '_','_','A','R','M','_','A','R','C','H','_','7','S','_','_'
#endif

#define SIZE (sizeof(INT16))
static char info_size[] =  {'I', 'N', 'F', 'O', ':', 's','i','z','e','[',
  ('0' + ((SIZE / 10000)%10)),
  ('0' + ((SIZE / 1000)%10)),
  ('0' + ((SIZE / 100)%10)),
  ('0' + ((SIZE / 10)%10)),
  ('0' +  (SIZE    % 10)),
  ']',
#ifdef KEY
  ' ','k','e','y','[', KEY, ']',
#endif
  '\0'};

#ifdef __CLASSIC_C__
int main(argc, argv) int argc; char *argv[];
#else
int main(int argc, char *argv[])
#endif
{
  int require = 0;
  require += info_size[argc];
  (void)argv;
  return require;
}


Determining size of INT32 failed with the following output:
Change Dir: /workspaces/beresheet/artificial-intelligence/c++/opencv/CMakeFiles/CMakeTmp

Run Build Command(s):/usr/bin/make cmTC_83c4e/fast && /usr/bin/make -f CMakeFiles/cmTC_83c4e.dir/build.make CMakeFiles/cmTC_83c4e.dir/build
make[1]: Entering directory '/workspaces/beresheet/artificial-intelligence/c++/opencv/CMakeFiles/CMakeTmp'
Building C object CMakeFiles/cmTC_83c4e.dir/int32.c.o
/usr/bin/cc   -fsigned-char -W -Wall -Werror=return-type -Werror=address -Werror=sequence-point -Wformat -Werror=format-security -Wmissing-declarations -Wmissing-prototypes -Wstrict-prototypes -Wundef -Winit-self -Wpointer-arith -Wshadow -Wuninitialized -Wno-comment -Wimplicit-fallthrough=3 -Wno-strict-overflow -fdiagnostics-show-option -Wno-long-long -pthread -fomit-frame-pointer -ffunction-sections -fdata-sections  -msse -msse2 -msse3 -fvisibility=hidden  -O3 -DNDEBUG  -DNDEBUG -fPIE   -o CMakeFiles/cmTC_83c4e.dir/int32.c.o   -c /workspaces/beresheet/artificial-intelligence/c++/opencv/CMakeFiles/CheckTypeSize/int32.c
/workspaces/beresheet/artificial-intelligence/c++/opencv/CMakeFiles/CheckTypeSize/int32.c:23:22: error: ‘INT32’ undeclared here (not in a function); did you mean ‘INT32_C’?
   23 | #define SIZE (sizeof(INT32))
      |                      ^~~~~
/workspaces/beresheet/artificial-intelligence/c++/opencv/CMakeFiles/CheckTypeSize/int32.c:25:12: note: in expansion of macro ‘SIZE’
   25 |   ('0' + ((SIZE / 10000)%10)),
      |            ^~~~
make[1]: *** [CMakeFiles/cmTC_83c4e.dir/build.make:66: CMakeFiles/cmTC_83c4e.dir/int32.c.o] Error 1
make[1]: Leaving directory '/workspaces/beresheet/artificial-intelligence/c++/opencv/CMakeFiles/CMakeTmp'
make: *** [Makefile:121: cmTC_83c4e/fast] Error 2


/workspaces/beresheet/artificial-intelligence/c++/opencv/CMakeFiles/CheckTypeSize/int32.c:
#include <sys/types.h>
#include <stdint.h>
#include <stddef.h>


#undef KEY
#if defined(__i386)
# define KEY '_','_','i','3','8','6'
#elif defined(__x86_64)
# define KEY '_','_','x','8','6','_','6','4'
#elif defined(__ppc__)
# define KEY '_','_','p','p','c','_','_'
#elif defined(__ppc64__)
# define KEY '_','_','p','p','c','6','4','_','_'
#elif defined(__aarch64__)
# define KEY '_','_','a','a','r','c','h','6','4','_','_'
#elif defined(__ARM_ARCH_7A__)
# define KEY '_','_','A','R','M','_','A','R','C','H','_','7','A','_','_'
#elif defined(__ARM_ARCH_7S__)
# define KEY '_','_','A','R','M','_','A','R','C','H','_','7','S','_','_'
#endif

#define SIZE (sizeof(INT32))
static char info_size[] =  {'I', 'N', 'F', 'O', ':', 's','i','z','e','[',
  ('0' + ((SIZE / 10000)%10)),
  ('0' + ((SIZE / 1000)%10)),
  ('0' + ((SIZE / 100)%10)),
  ('0' + ((SIZE / 10)%10)),
  ('0' +  (SIZE    % 10)),
  ']',
#ifdef KEY
  ' ','k','e','y','[', KEY, ']',
#endif
  '\0'};

#ifdef __CLASSIC_C__
int main(argc, argv) int argc; char *argv[];
#else
int main(int argc, char *argv[])
#endif
{
  int require = 0;
  require += info_size[argc];
  (void)argv;
  return require;
}


Determining if the function setmode exists failed with the following output:
Change Dir: /workspaces/beresheet/artificial-intelligence/c++/opencv/CMakeFiles/CMakeTmp

Run Build Command(s):/usr/bin/make cmTC_2b55d/fast && /usr/bin/make -f CMakeFiles/cmTC_2b55d.dir/build.make CMakeFiles/cmTC_2b55d.dir/build
make[1]: Entering directory '/workspaces/beresheet/artificial-intelligence/c++/opencv/CMakeFiles/CMakeTmp'
Building C object CMakeFiles/cmTC_2b55d.dir/CheckFunctionExists.c.o
/usr/bin/cc   -fsigned-char -W -Wall -Werror=return-type -Werror=address -Werror=sequence-point -Wformat -Werror=format-security -Wmissing-declarations -Wmissing-prototypes -Wstrict-prototypes -Wundef -Winit-self -Wpointer-arith -Wshadow -Wuninitialized -Wno-comment -Wimplicit-fallthrough=3 -Wno-strict-overflow -fdiagnostics-show-option -Wno-long-long -pthread -fomit-frame-pointer -ffunction-sections -fdata-sections  -msse -msse2 -msse3 -fvisibility=hidden -DCHECK_FUNCTION_EXISTS=setmode -O3 -DNDEBUG  -DNDEBUG -fPIE   -o CMakeFiles/cmTC_2b55d.dir/CheckFunctionExists.c.o   -c /usr/share/cmake-3.16/Modules/CheckFunctionExists.c
Linking C executable cmTC_2b55d
/usr/bin/cmake -E cmake_link_script CMakeFiles/cmTC_2b55d.dir/link.txt --verbose=1
/usr/bin/cc    -fsigned-char -W -Wall -Werror=return-type -Werror=address -Werror=sequence-point -Wformat -Werror=format-security -Wmissing-declarations -Wmissing-prototypes -Wstrict-prototypes -Wundef -Winit-self -Wpointer-arith -Wshadow -Wuninitialized -Wno-comment -Wimplicit-fallthrough=3 -Wno-strict-overflow -fdiagnostics-show-option -Wno-long-long -pthread -fomit-frame-pointer -ffunction-sections -fdata-sections  -msse -msse2 -msse3 -fvisibility=hidden -DCHECK_FUNCTION_EXISTS=setmode -O3 -DNDEBUG  -DNDEBUG    -Wl,--gc-sections -Wl,--as-needed  CMakeFiles/cmTC_2b55d.dir/CheckFunctionExists.c.o  -o cmTC_2b55d 
/usr/bin/ld: CMakeFiles/cmTC_2b55d.dir/CheckFunctionExists.c.o: in function `main':
CheckFunctionExists.c:(.text.startup.main+0x10): undefined reference to `setmode'
collect2: error: ld returned 1 exit status
make[1]: *** [CMakeFiles/cmTC_2b55d.dir/build.make:87: cmTC_2b55d] Error 1
make[1]: Leaving directory '/workspaces/beresheet/artificial-intelligence/c++/opencv/CMakeFiles/CMakeTmp'
make: *** [Makefile:121: cmTC_2b55d/fast] Error 2



Build output check failed:
    Regex: 'command[- ]line option .* is valid for .* but not for C\+\+'
    Output line: 'cc1plus: warning: command line option ‘-Wno-missing-prototypes’ is valid for C/ObjC but not for C++'
Compilation failed:
    source file: '/workspaces/beresheet/artificial-intelligence/c++/opencv/CMakeFiles/CMakeTmp/src.cxx'
    check option: ' -Wno-missing-prototypes'
===== BUILD LOG =====
Change Dir: /workspaces/beresheet/artificial-intelligence/c++/opencv/CMakeFiles/CMakeTmp

Run Build Command(s):/usr/bin/make cmTC_5c802/fast && /usr/bin/make -f CMakeFiles/cmTC_5c802.dir/build.make CMakeFiles/cmTC_5c802.dir/build
make[1]: Entering directory '/workspaces/beresheet/artificial-intelligence/c++/opencv/CMakeFiles/CMakeTmp'
Building CXX object CMakeFiles/cmTC_5c802.dir/src.cxx.o
/usr/bin/c++    -fsigned-char -W -Wall -Werror=return-type -Werror=non-virtual-dtor -Werror=address -Werror=sequence-point -Wformat -Werror=format-security -Wundef -Winit-self -Wpointer-arith -Wshadow -Wsign-promo -Wuninitialized -Wsuggest-override -Wno-delete-non-virtual-dtor -Wno-comment -Wimplicit-fallthrough=3 -Wno-strict-overflow -fdiagnostics-show-option -Wno-long-long -pthread -fomit-frame-pointer -ffunction-sections -fdata-sections  -msse -msse2 -msse3 -fvisibility=hidden -fvisibility-inlines-hidden -Wno-missing-declarations -Wno-unused-parameter  -O3 -DNDEBUG  -DNDEBUG -fPIE    -Wno-missing-prototypes -std=c++11 -o CMakeFiles/cmTC_5c802.dir/src.cxx.o -c /workspaces/beresheet/artificial-intelligence/c++/opencv/CMakeFiles/CMakeTmp/src.cxx
cc1plus: warning: command line option ‘-Wno-missing-prototypes’ is valid for C/ObjC but not for C++
/workspaces/beresheet/artificial-intelligence/c++/opencv/CMakeFiles/CMakeTmp/src.cxx:1: warning: ignoring #pragma   [-Wunknown-pragmas]
    1 | #pragma
      | 
Linking CXX executable cmTC_5c802
/usr/bin/cmake -E cmake_link_script CMakeFiles/cmTC_5c802.dir/link.txt --verbose=1
/usr/bin/c++     -fsigned-char -W -Wall -Werror=return-type -Werror=non-virtual-dtor -Werror=address -Werror=sequence-point -Wformat -Werror=format-security -Wundef -Winit-self -Wpointer-arith -Wshadow -Wsign-promo -Wuninitialized -Wsuggest-override -Wno-delete-non-virtual-dtor -Wno-comment -Wimplicit-fallthrough=3 -Wno-strict-overflow -fdiagnostics-show-option -Wno-long-long -pthread -fomit-frame-pointer -ffunction-sections -fdata-sections  -msse -msse2 -msse3 -fvisibility=hidden -fvisibility-inlines-hidden -Wno-missing-declarations -Wno-unused-parameter  -O3 -DNDEBUG  -DNDEBUG    -Wl,--gc-sections -Wl,--as-needed  CMakeFiles/cmTC_5c802.dir/src.cxx.o  -o cmTC_5c802 
make[1]: Leaving directory '/workspaces/beresheet/artificial-intelligence/c++/opencv/CMakeFiles/CMakeTmp'


===== END =====

Build output check failed:
    Regex: 'unrecognized .*option'
    Output line: 'cc1: warning: unrecognized command line option ‘-Wno-implicit-const-int-float-conversion’'
Compilation failed:
    source file: '/workspaces/beresheet/artificial-intelligence/c++/opencv/CMakeFiles/CMakeTmp/src.c'
    check option: ' -Wno-implicit-const-int-float-conversion'
===== BUILD LOG =====
Change Dir: /workspaces/beresheet/artificial-intelligence/c++/opencv/CMakeFiles/CMakeTmp

Run Build Command(s):/usr/bin/make cmTC_90e92/fast && /usr/bin/make -f CMakeFiles/cmTC_90e92.dir/build.make CMakeFiles/cmTC_90e92.dir/build
make[1]: Entering directory '/workspaces/beresheet/artificial-intelligence/c++/opencv/CMakeFiles/CMakeTmp'
Building C object CMakeFiles/cmTC_90e92.dir/src.c.o
/usr/bin/cc   -fsigned-char -W -Wall -Werror=return-type -Werror=address -Werror=sequence-point -Wformat -Werror=format-security -Wmissing-declarations -Wmissing-prototypes -Wstrict-prototypes -Wundef -Winit-self -Wpointer-arith -Wshadow -Wuninitialized -Wno-comment -Wimplicit-fallthrough=3 -Wno-strict-overflow -fdiagnostics-show-option -Wno-long-long -pthread -fomit-frame-pointer -ffunction-sections -fdata-sections  -msse -msse2 -msse3 -fvisibility=hidden  -O3 -DNDEBUG  -DNDEBUG -fPIE    -Wno-implicit-const-int-float-conversion -o CMakeFiles/cmTC_90e92.dir/src.c.o   -c /workspaces/beresheet/artificial-intelligence/c++/opencv/CMakeFiles/CMakeTmp/src.c
/workspaces/beresheet/artificial-intelligence/c++/opencv/CMakeFiles/CMakeTmp/src.c:1: warning: ignoring #pragma   [-Wunknown-pragmas]
    1 | #pragma
      | 
cc1: warning: unrecognized command line option ‘-Wno-implicit-const-int-float-conversion’
Linking C executable cmTC_90e92
/usr/bin/cmake -E cmake_link_script CMakeFiles/cmTC_90e92.dir/link.txt --verbose=1
/usr/bin/cc    -fsigned-char -W -Wall -Werror=return-type -Werror=address -Werror=sequence-point -Wformat -Werror=format-security -Wmissing-declarations -Wmissing-prototypes -Wstrict-prototypes -Wundef -Winit-self -Wpointer-arith -Wshadow -Wuninitialized -Wno-comment -Wimplicit-fallthrough=3 -Wno-strict-overflow -fdiagnostics-show-option -Wno-long-long -pthread -fomit-frame-pointer -ffunction-sections -fdata-sections  -msse -msse2 -msse3 -fvisibility=hidden  -O3 -DNDEBUG  -DNDEBUG    -Wl,--gc-sections -Wl,--as-needed  CMakeFiles/cmTC_90e92.dir/src.c.o  -o cmTC_90e92 
make[1]: Leaving directory '/workspaces/beresheet/artificial-intelligence/c++/opencv/CMakeFiles/CMakeTmp'


===== END =====

Determining if the _aligned_malloc exist failed with the following output:
Change Dir: /workspaces/beresheet/artificial-intelligence/c++/opencv/CMakeFiles/CMakeTmp

Run Build Command(s):/usr/bin/make cmTC_55b16/fast && /usr/bin/make -f CMakeFiles/cmTC_55b16.dir/build.make CMakeFiles/cmTC_55b16.dir/build
make[1]: Entering directory '/workspaces/beresheet/artificial-intelligence/c++/opencv/CMakeFiles/CMakeTmp'
Building C object CMakeFiles/cmTC_55b16.dir/CheckSymbolExists.c.o
/usr/bin/cc   -fsigned-char -W -Wall -Werror=return-type -Werror=address -Werror=sequence-point -Wformat -Werror=format-security -Wmissing-declarations -Wmissing-prototypes -Wstrict-prototypes -Wundef -Winit-self -Wpointer-arith -Wshadow -Wuninitialized -Wno-comment -Wimplicit-fallthrough=3 -Wno-strict-overflow -fdiagnostics-show-option -Wno-long-long -pthread -fomit-frame-pointer -ffunction-sections -fdata-sections  -msse -msse2 -msse3 -fvisibility=hidden  -O3 -DNDEBUG  -DNDEBUG -fPIE   -o CMakeFiles/cmTC_55b16.dir/CheckSymbolExists.c.o   -c /workspaces/beresheet/artificial-intelligence/c++/opencv/CMakeFiles/CMakeTmp/CheckSymbolExists.c
/workspaces/beresheet/artificial-intelligence/c++/opencv/CMakeFiles/CMakeTmp/CheckSymbolExists.c: In function ‘main’:
/workspaces/beresheet/artificial-intelligence/c++/opencv/CMakeFiles/CMakeTmp/CheckSymbolExists.c:8:19: error: ‘_aligned_malloc’ undeclared (first use in this function)
    8 |   return ((int*)(&_aligned_malloc))[argc];
      |                   ^~~~~~~~~~~~~~~
/workspaces/beresheet/artificial-intelligence/c++/opencv/CMakeFiles/CMakeTmp/CheckSymbolExists.c:8:19: note: each undeclared identifier is reported only once for each function it appears in
/workspaces/beresheet/artificial-intelligence/c++/opencv/CMakeFiles/CMakeTmp/CheckSymbolExists.c:4:14: warning: parameter ‘argc’ set but not used [-Wunused-but-set-parameter]
    4 | int main(int argc, char** argv)
      |          ~~~~^~~~
make[1]: *** [CMakeFiles/cmTC_55b16.dir/build.make:66: CMakeFiles/cmTC_55b16.dir/CheckSymbolExists.c.o] Error 1
make[1]: Leaving directory '/workspaces/beresheet/artificial-intelligence/c++/opencv/CMakeFiles/CMakeTmp'
make: *** [Makefile:121: cmTC_55b16/fast] Error 2


File /workspaces/beresheet/artificial-intelligence/c++/opencv/CMakeFiles/CMakeTmp/CheckSymbolExists.c:
/* */
#include <malloc.h>

int main(int argc, char** argv)
{
  (void)argv;
#ifndef _aligned_malloc
  return ((int*)(&_aligned_malloc))[argc];
#else
  (void)argc;
  return 0;
#endif
}
Build output check failed:
    Regex: 'unrecognized .*option'
    Output line: 'cc1plus: warning: unrecognized command line option ‘-Wno-inconsistent-missing-override’'
Compilation failed:
    source file: '/workspaces/beresheet/artificial-intelligence/c++/opencv/CMakeFiles/CMakeTmp/src.cxx'
    check option: ' -Wno-inconsistent-missing-override'
===== BUILD LOG =====
Change Dir: /workspaces/beresheet/artificial-intelligence/c++/opencv/CMakeFiles/CMakeTmp

Run Build Command(s):/usr/bin/make cmTC_63df4/fast && /usr/bin/make -f CMakeFiles/cmTC_63df4.dir/build.make CMakeFiles/cmTC_63df4.dir/build
make[1]: Entering directory '/workspaces/beresheet/artificial-intelligence/c++/opencv/CMakeFiles/CMakeTmp'
Building CXX object CMakeFiles/cmTC_63df4.dir/src.cxx.o
/usr/bin/c++    -fsigned-char -W -Wall -Werror=return-type -Werror=non-virtual-dtor -Werror=address -Werror=sequence-point -Wformat -Werror=format-security -Winit-self -Wpointer-arith -Wsign-promo -Wno-delete-non-virtual-dtor -Wno-comment -Wimplicit-fallthrough=3 -Wno-strict-overflow -fdiagnostics-show-option -Wno-long-long -pthread -fomit-frame-pointer -ffunction-sections -fdata-sections  -msse -msse2 -msse3 -fvisibility=hidden -fvisibility-inlines-hidden -Wno-shadow -Wno-unused -Wno-sign-compare -Wno-undef -Wno-missing-declarations -Wno-uninitialized -Wno-switch -Wno-parentheses -Wno-array-bounds -Wno-extra -Wno-deprecated-declarations -Wno-misleading-indentation -Wno-deprecated -Wno-suggest-override  -O3 -DNDEBUG  -DNDEBUG -fPIE    -Wno-inconsistent-missing-override -std=c++11 -o CMakeFiles/cmTC_63df4.dir/src.cxx.o -c /workspaces/beresheet/artificial-intelligence/c++/opencv/CMakeFiles/CMakeTmp/src.cxx
/workspaces/beresheet/artificial-intelligence/c++/opencv/CMakeFiles/CMakeTmp/src.cxx:1: warning: ignoring #pragma   [-Wunknown-pragmas]
    1 | #pragma
      | 
cc1plus: warning: unrecognized command line option ‘-Wno-inconsistent-missing-override’
Linking CXX executable cmTC_63df4
/usr/bin/cmake -E cmake_link_script CMakeFiles/cmTC_63df4.dir/link.txt --verbose=1
/usr/bin/c++     -fsigned-char -W -Wall -Werror=return-type -Werror=non-virtual-dtor -Werror=address -Werror=sequence-point -Wformat -Werror=format-security -Winit-self -Wpointer-arith -Wsign-promo -Wno-delete-non-virtual-dtor -Wno-comment -Wimplicit-fallthrough=3 -Wno-strict-overflow -fdiagnostics-show-option -Wno-long-long -pthread -fomit-frame-pointer -ffunction-sections -fdata-sections  -msse -msse2 -msse3 -fvisibility=hidden -fvisibility-inlines-hidden -Wno-shadow -Wno-unused -Wno-sign-compare -Wno-undef -Wno-missing-declarations -Wno-uninitialized -Wno-switch -Wno-parentheses -Wno-array-bounds -Wno-extra -Wno-deprecated-declarations -Wno-misleading-indentation -Wno-deprecated -Wno-suggest-override  -O3 -DNDEBUG  -DNDEBUG    -Wl,--gc-sections -Wl,--as-needed  CMakeFiles/cmTC_63df4.dir/src.cxx.o  -o cmTC_63df4 
make[1]: Leaving directory '/workspaces/beresheet/artificial-intelligence/c++/opencv/CMakeFiles/CMakeTmp'


===== END =====

Build output check failed:
    Regex: 'unrecognized .*option'
    Output line: 'cc1plus: warning: unrecognized command line option ‘-Wno-implicit-const-int-float-conversion’'
Compilation failed:
    source file: '/workspaces/beresheet/artificial-intelligence/c++/opencv/CMakeFiles/CMakeTmp/src.cxx'
    check option: ' -Wno-implicit-const-int-float-conversion'
===== BUILD LOG =====
Change Dir: /workspaces/beresheet/artificial-intelligence/c++/opencv/CMakeFiles/CMakeTmp

Run Build Command(s):/usr/bin/make cmTC_f9dc9/fast && /usr/bin/make -f CMakeFiles/cmTC_f9dc9.dir/build.make CMakeFiles/cmTC_f9dc9.dir/build
make[1]: Entering directory '/workspaces/beresheet/artificial-intelligence/c++/opencv/CMakeFiles/CMakeTmp'
Building CXX object CMakeFiles/cmTC_f9dc9.dir/src.cxx.o
/usr/bin/c++    -fsigned-char -W -Wall -Werror=return-type -Werror=non-virtual-dtor -Werror=address -Werror=sequence-point -Wformat -Werror=format-security -Winit-self -Wpointer-arith -Wsign-promo -Wno-delete-non-virtual-dtor -Wno-comment -Wno-strict-overflow -fdiagnostics-show-option -Wno-long-long -pthread -fomit-frame-pointer -ffunction-sections -fdata-sections  -msse -msse2 -msse3 -fvisibility=hidden -fvisibility-inlines-hidden -Wno-shadow -Wno-unused -Wno-sign-compare -Wno-undef -Wno-missing-declarations -Wno-uninitialized -Wno-switch -Wno-parentheses -Wno-array-bounds -Wno-extra -Wno-deprecated-declarations -Wno-misleading-indentation -Wno-deprecated -Wno-suggest-override -Wno-implicit-fallthrough -Wno-tautological-compare -Wno-reorder -Wno-unused-result  -O3 -DNDEBUG  -DNDEBUG -fPIE    -Wno-implicit-const-int-float-conversion -std=c++11 -o CMakeFiles/cmTC_f9dc9.dir/src.cxx.o -c /workspaces/beresheet/artificial-intelligence/c++/opencv/CMakeFiles/CMakeTmp/src.cxx
/workspaces/beresheet/artificial-intelligence/c++/opencv/CMakeFiles/CMakeTmp/src.cxx:1: warning: ignoring #pragma   [-Wunknown-pragmas]
    1 | #pragma
      | 
cc1plus: warning: unrecognized command line option ‘-Wno-implicit-const-int-float-conversion’
Linking CXX executable cmTC_f9dc9
/usr/bin/cmake -E cmake_link_script CMakeFiles/cmTC_f9dc9.dir/link.txt --verbose=1
/usr/bin/c++     -fsigned-char -W -Wall -Werror=return-type -Werror=non-virtual-dtor -Werror=address -Werror=sequence-point -Wformat -Werror=format-security -Winit-self -Wpointer-arith -Wsign-promo -Wno-delete-non-virtual-dtor -Wno-comment -Wno-strict-overflow -fdiagnostics-show-option -Wno-long-long -pthread -fomit-frame-pointer -ffunction-sections -fdata-sections  -msse -msse2 -msse3 -fvisibility=hidden -fvisibility-inlines-hidden -Wno-shadow -Wno-unused -Wno-sign-compare -Wno-undef -Wno-missing-declarations -Wno-uninitialized -Wno-switch -Wno-parentheses -Wno-array-bounds -Wno-extra -Wno-deprecated-declarations -Wno-misleading-indentation -Wno-deprecated -Wno-suggest-override -Wno-implicit-fallthrough -Wno-tautological-compare -Wno-reorder -Wno-unused-result  -O3 -DNDEBUG  -DNDEBUG    -Wl,--gc-sections -Wl,--as-needed  CMakeFiles/cmTC_f9dc9.dir/src.cxx.o  -o cmTC_f9dc9 
make[1]: Leaving directory '/workspaces/beresheet/artificial-intelligence/c++/opencv/CMakeFiles/CMakeTmp'


===== END =====

Determining if the function sgemm_ exists failed with the following output:
Change Dir: /workspaces/beresheet/artificial-intelligence/c++/opencv/CMakeFiles/CMakeTmp

Run Build Command(s):/usr/bin/make cmTC_ab71f/fast && /usr/bin/make -f CMakeFiles/cmTC_ab71f.dir/build.make CMakeFiles/cmTC_ab71f.dir/build
make[1]: Entering directory '/workspaces/beresheet/artificial-intelligence/c++/opencv/CMakeFiles/CMakeTmp'
Building C object CMakeFiles/cmTC_ab71f.dir/CheckFunctionExists.c.o
/usr/bin/cc   -fsigned-char -W -Wall -Werror=return-type -Werror=address -Werror=sequence-point -Wformat -Werror=format-security -Wmissing-declarations -Wmissing-prototypes -Wstrict-prototypes -Wundef -Winit-self -Wpointer-arith -Wshadow -Wuninitialized -Wno-comment -Wimplicit-fallthrough=3 -Wno-strict-overflow -fdiagnostics-show-option -Wno-long-long -pthread -fomit-frame-pointer -ffunction-sections -fdata-sections  -msse -msse2 -msse3 -fvisibility=hidden -DCHECK_FUNCTION_EXISTS=sgemm_ -O3 -DNDEBUG  -DNDEBUG -fPIE   -o CMakeFiles/cmTC_ab71f.dir/CheckFunctionExists.c.o   -c /usr/share/cmake-3.16/Modules/CheckFunctionExists.c
Linking C executable cmTC_ab71f
/usr/bin/cmake -E cmake_link_script CMakeFiles/cmTC_ab71f.dir/link.txt --verbose=1
/usr/bin/cc    -fsigned-char -W -Wall -Werror=return-type -Werror=address -Werror=sequence-point -Wformat -Werror=format-security -Wmissing-declarations -Wmissing-prototypes -Wstrict-prototypes -Wundef -Winit-self -Wpointer-arith -Wshadow -Wuninitialized -Wno-comment -Wimplicit-fallthrough=3 -Wno-strict-overflow -fdiagnostics-show-option -Wno-long-long -pthread -fomit-frame-pointer -ffunction-sections -fdata-sections  -msse -msse2 -msse3 -fvisibility=hidden -DCHECK_FUNCTION_EXISTS=sgemm_ -O3 -DNDEBUG  -DNDEBUG    -Wl,--gc-sections -Wl,--as-needed  CMakeFiles/cmTC_ab71f.dir/CheckFunctionExists.c.o  -o cmTC_ab71f 
/usr/bin/ld: CMakeFiles/cmTC_ab71f.dir/CheckFunctionExists.c.o: in function `main':
CheckFunctionExists.c:(.text.startup.main+0x10): undefined reference to `sgemm_'
collect2: error: ld returned 1 exit status
make[1]: *** [CMakeFiles/cmTC_ab71f.dir/build.make:87: cmTC_ab71f] Error 1
make[1]: Leaving directory '/workspaces/beresheet/artificial-intelligence/c++/opencv/CMakeFiles/CMakeTmp'
make: *** [Makefile:121: cmTC_ab71f/fast] Error 2



Build output check failed:
    Regex: 'unrecognized .*option'
    Output line: 'cc1plus: warning: unrecognized command line option ‘-Wno-tautological-undefined-compare’'
Compilation failed:
    source file: '/workspaces/beresheet/artificial-intelligence/c++/opencv/CMakeFiles/CMakeTmp/src.cxx'
    check option: ' -Wno-tautological-undefined-compare'
===== BUILD LOG =====
Change Dir: /workspaces/beresheet/artificial-intelligence/c++/opencv/CMakeFiles/CMakeTmp

Run Build Command(s):/usr/bin/make cmTC_53973/fast && /usr/bin/make -f CMakeFiles/cmTC_53973.dir/build.make CMakeFiles/cmTC_53973.dir/build
make[1]: Entering directory '/workspaces/beresheet/artificial-intelligence/c++/opencv/CMakeFiles/CMakeTmp'
Building CXX object CMakeFiles/cmTC_53973.dir/src.cxx.o
/usr/bin/c++    -fsigned-char -W -Wall -Werror=return-type -Werror=non-virtual-dtor -Werror=address -Werror=sequence-point -Wformat -Werror=format-security -Winit-self -Wpointer-arith -Wuninitialized -Wsuggest-override -Wno-delete-non-virtual-dtor -Wno-comment -Wimplicit-fallthrough=3 -Wno-strict-overflow -fdiagnostics-show-option -Wno-long-long -pthread -fomit-frame-pointer -ffunction-sections -fdata-sections  -msse -msse2 -msse3 -fvisibility=hidden -fvisibility-inlines-hidden -Wno-deprecated -Wno-missing-declarations -Wno-shadow -Wno-unused-parameter -Wno-unused-local-typedefs -Wno-sign-compare -Wno-sign-promo -Wno-undef  -O3 -DNDEBUG  -DNDEBUG -fPIE    -Wno-tautological-undefined-compare -std=c++11 -o CMakeFiles/cmTC_53973.dir/src.cxx.o -c /workspaces/beresheet/artificial-intelligence/c++/opencv/CMakeFiles/CMakeTmp/src.cxx
/workspaces/beresheet/artificial-intelligence/c++/opencv/CMakeFiles/CMakeTmp/src.cxx:1: warning: ignoring #pragma   [-Wunknown-pragmas]
    1 | #pragma
      | 
cc1plus: warning: unrecognized command line option ‘-Wno-tautological-undefined-compare’
Linking CXX executable cmTC_53973
/usr/bin/cmake -E cmake_link_script CMakeFiles/cmTC_53973.dir/link.txt --verbose=1
/usr/bin/c++     -fsigned-char -W -Wall -Werror=return-type -Werror=non-virtual-dtor -Werror=address -Werror=sequence-point -Wformat -Werror=format-security -Winit-self -Wpointer-arith -Wuninitialized -Wsuggest-override -Wno-delete-non-virtual-dtor -Wno-comment -Wimplicit-fallthrough=3 -Wno-strict-overflow -fdiagnostics-show-option -Wno-long-long -pthread -fomit-frame-pointer -ffunction-sections -fdata-sections  -msse -msse2 -msse3 -fvisibility=hidden -fvisibility-inlines-hidden -Wno-deprecated -Wno-missing-declarations -Wno-shadow -Wno-unused-parameter -Wno-unused-local-typedefs -Wno-sign-compare -Wno-sign-promo -Wno-undef  -O3 -DNDEBUG  -DNDEBUG    -Wl,--gc-sections -Wl,--as-needed  CMakeFiles/cmTC_53973.dir/src.cxx.o  -o cmTC_53973 
make[1]: Leaving directory '/workspaces/beresheet/artificial-intelligence/c++/opencv/CMakeFiles/CMakeTmp'


===== END =====

Build output check failed:
    Regex: 'unrecognized .*option'
    Output line: 'cc1plus: warning: unrecognized command line option ‘-Wno-shorten-64-to-32’'
Compilation failed:
    source file: '/workspaces/beresheet/artificial-intelligence/c++/opencv/CMakeFiles/CMakeTmp/src.cxx'
    check option: ' -Wno-shorten-64-to-32'
===== BUILD LOG =====
Change Dir: /workspaces/beresheet/artificial-intelligence/c++/opencv/CMakeFiles/CMakeTmp

Run Build Command(s):/usr/bin/make cmTC_bd4b7/fast && /usr/bin/make -f CMakeFiles/cmTC_bd4b7.dir/build.make CMakeFiles/cmTC_bd4b7.dir/build
make[1]: Entering directory '/workspaces/beresheet/artificial-intelligence/c++/opencv/CMakeFiles/CMakeTmp'
Building CXX object CMakeFiles/cmTC_bd4b7.dir/src.cxx.o
/usr/bin/c++    -fsigned-char -W -Wall -Werror=return-type -Werror=non-virtual-dtor -Werror=address -Werror=sequence-point -Wformat -Werror=format-security -Winit-self -Wpointer-arith -Wuninitialized -Wsuggest-override -Wno-delete-non-virtual-dtor -Wno-comment -Wimplicit-fallthrough=3 -Wno-strict-overflow -fdiagnostics-show-option -Wno-long-long -pthread -fomit-frame-pointer -ffunction-sections -fdata-sections  -msse -msse2 -msse3 -fvisibility=hidden -fvisibility-inlines-hidden -Wno-deprecated -Wno-missing-declarations -Wno-shadow -Wno-unused-parameter -Wno-unused-local-typedefs -Wno-sign-compare -Wno-sign-promo -Wno-undef -Wno-ignored-qualifiers -Wno-extra -Wno-unused-function -Wno-unused-const-variable  -O3 -DNDEBUG  -DNDEBUG -fPIE    -Wno-shorten-64-to-32 -std=c++11 -o CMakeFiles/cmTC_bd4b7.dir/src.cxx.o -c /workspaces/beresheet/artificial-intelligence/c++/opencv/CMakeFiles/CMakeTmp/src.cxx
/workspaces/beresheet/artificial-intelligence/c++/opencv/CMakeFiles/CMakeTmp/src.cxx:1: warning: ignoring #pragma   [-Wunknown-pragmas]
    1 | #pragma
      | 
cc1plus: warning: unrecognized command line option ‘-Wno-shorten-64-to-32’
Linking CXX executable cmTC_bd4b7
/usr/bin/cmake -E cmake_link_script CMakeFiles/cmTC_bd4b7.dir/link.txt --verbose=1
/usr/bin/c++     -fsigned-char -W -Wall -Werror=return-type -Werror=non-virtual-dtor -Werror=address -Werror=sequence-point -Wformat -Werror=format-security -Winit-self -Wpointer-arith -Wuninitialized -Wsuggest-override -Wno-delete-non-virtual-dtor -Wno-comment -Wimplicit-fallthrough=3 -Wno-strict-overflow -fdiagnostics-show-option -Wno-long-long -pthread -fomit-frame-pointer -ffunction-sections -fdata-sections  -msse -msse2 -msse3 -fvisibility=hidden -fvisibility-inlines-hidden -Wno-deprecated -Wno-missing-declarations -Wno-shadow -Wno-unused-parameter -Wno-unused-local-typedefs -Wno-sign-compare -Wno-sign-promo -Wno-undef -Wno-ignored-qualifiers -Wno-extra -Wno-unused-function -Wno-unused-const-variable  -O3 -DNDEBUG  -DNDEBUG    -Wl,--gc-sections -Wl,--as-needed  CMakeFiles/cmTC_bd4b7.dir/src.cxx.o  -o cmTC_bd4b7 
make[1]: Leaving directory '/workspaces/beresheet/artificial-intelligence/c++/opencv/CMakeFiles/CMakeTmp'


===== END =====

Build output check failed:
    Regex: 'unrecognized .*option'
    Output line: 'cc1plus: warning: unrecognized command line option ‘-Wno-enum-compare-switch’'
Compilation failed:
    source file: '/workspaces/beresheet/artificial-intelligence/c++/opencv/CMakeFiles/CMakeTmp/src.cxx'
    check option: ' -Wno-enum-compare-switch'
===== BUILD LOG =====
Change Dir: /workspaces/beresheet/artificial-intelligence/c++/opencv/CMakeFiles/CMakeTmp

Run Build Command(s):/usr/bin/make cmTC_b04f4/fast && /usr/bin/make -f CMakeFiles/cmTC_b04f4.dir/build.make CMakeFiles/cmTC_b04f4.dir/build
make[1]: Entering directory '/workspaces/beresheet/artificial-intelligence/c++/opencv/CMakeFiles/CMakeTmp'
Building CXX object CMakeFiles/cmTC_b04f4.dir/src.cxx.o
/usr/bin/c++    -fsigned-char -W -Wall -Werror=return-type -Werror=non-virtual-dtor -Werror=address -Werror=sequence-point -Wformat -Werror=format-security -Winit-self -Wpointer-arith -Wuninitialized -Wsuggest-override -Wno-delete-non-virtual-dtor -Wno-comment -Wimplicit-fallthrough=3 -Wno-strict-overflow -fdiagnostics-show-option -Wno-long-long -pthread -fomit-frame-pointer -ffunction-sections -fdata-sections  -msse -msse2 -msse3 -fvisibility=hidden -fvisibility-inlines-hidden -Wno-deprecated -Wno-missing-declarations -Wno-shadow -Wno-unused-parameter -Wno-unused-local-typedefs -Wno-sign-compare -Wno-sign-promo -Wno-undef -Wno-ignored-qualifiers -Wno-extra -Wno-unused-function -Wno-unused-const-variable -Wno-invalid-offsetof  -O3 -DNDEBUG  -DNDEBUG -fPIE    -Wno-enum-compare-switch -std=c++11 -o CMakeFiles/cmTC_b04f4.dir/src.cxx.o -c /workspaces/beresheet/artificial-intelligence/c++/opencv/CMakeFiles/CMakeTmp/src.cxx
/workspaces/beresheet/artificial-intelligence/c++/opencv/CMakeFiles/CMakeTmp/src.cxx:1: warning: ignoring #pragma   [-Wunknown-pragmas]
    1 | #pragma
      | 
cc1plus: warning: unrecognized command line option ‘-Wno-enum-compare-switch’
Linking CXX executable cmTC_b04f4
/usr/bin/cmake -E cmake_link_script CMakeFiles/cmTC_b04f4.dir/link.txt --verbose=1
/usr/bin/c++     -fsigned-char -W -Wall -Werror=return-type -Werror=non-virtual-dtor -Werror=address -Werror=sequence-point -Wformat -Werror=format-security -Winit-self -Wpointer-arith -Wuninitialized -Wsuggest-override -Wno-delete-non-virtual-dtor -Wno-comment -Wimplicit-fallthrough=3 -Wno-strict-overflow -fdiagnostics-show-option -Wno-long-long -pthread -fomit-frame-pointer -ffunction-sections -fdata-sections  -msse -msse2 -msse3 -fvisibility=hidden -fvisibility-inlines-hidden -Wno-deprecated -Wno-missing-declarations -Wno-shadow -Wno-unused-parameter -Wno-unused-local-typedefs -Wno-sign-compare -Wno-sign-promo -Wno-undef -Wno-ignored-qualifiers -Wno-extra -Wno-unused-function -Wno-unused-const-variable -Wno-invalid-offsetof  -O3 -DNDEBUG  -DNDEBUG    -Wl,--gc-sections -Wl,--as-needed  CMakeFiles/cmTC_b04f4.dir/src.cxx.o  -o cmTC_b04f4 
make[1]: Leaving directory '/workspaces/beresheet/artificial-intelligence/c++/opencv/CMakeFiles/CMakeTmp'


===== END =====

Determining if the include file sys/videoio.h exists failed with the following output:
Change Dir: /workspaces/beresheet/artificial-intelligence/c++/opencv/CMakeFiles/CMakeTmp

Run Build Command(s):/usr/bin/make cmTC_577dd/fast && /usr/bin/make -f CMakeFiles/cmTC_577dd.dir/build.make CMakeFiles/cmTC_577dd.dir/build
make[1]: Entering directory '/workspaces/beresheet/artificial-intelligence/c++/opencv/CMakeFiles/CMakeTmp'
Building C object CMakeFiles/cmTC_577dd.dir/CheckIncludeFile.c.o
/usr/bin/cc   -fsigned-char -W -Wall -Werror=return-type -Werror=address -Werror=sequence-point -Wformat -Werror=format-security -Wmissing-declarations -Wmissing-prototypes -Wstrict-prototypes -Wundef -Winit-self -Wpointer-arith -Wshadow -Wuninitialized -Wno-comment -Wimplicit-fallthrough=3 -Wno-strict-overflow -fdiagnostics-show-option -Wno-long-long -pthread -fomit-frame-pointer -ffunction-sections -fdata-sections  -msse -msse2 -msse3 -fvisibility=hidden  -O3 -DNDEBUG  -DNDEBUG -fPIE   -o CMakeFiles/cmTC_577dd.dir/CheckIncludeFile.c.o   -c /workspaces/beresheet/artificial-intelligence/c++/opencv/CMakeFiles/CMakeTmp/CheckIncludeFile.c
/workspaces/beresheet/artificial-intelligence/c++/opencv/CMakeFiles/CMakeTmp/CheckIncludeFile.c:1:10: fatal error: sys/videoio.h: No such file or directory
    1 | #include <sys/videoio.h>
      |          ^~~~~~~~~~~~~~~
compilation terminated.
make[1]: *** [CMakeFiles/cmTC_577dd.dir/build.make:66: CMakeFiles/cmTC_577dd.dir/CheckIncludeFile.c.o] Error 1
make[1]: Leaving directory '/workspaces/beresheet/artificial-intelligence/c++/opencv/CMakeFiles/CMakeTmp'
make: *** [Makefile:121: cmTC_577dd/fast] Error 2



